<?xml version="1.0" encoding="UTF-8"?>
<!-- Generated by org.testng.reporters.JUnitReportReporter -->
<testsuite hostname="lala" failures="0" tests="4" name="hust.cs.javacourse.search.index.TermTupleTest" time="0.005" errors="0" timestamp="07 6æœˆ 2024 12:42:18 GMT" skipped="0">
  <testcase classname="hust.cs.javacourse.search.index.TermTupleTest" name="testTestToString" time="0.004"/>
  <testcase classname="hust.cs.javacourse.search.index.TermTupleTest" name="testTestEquals" time="0.001"/>
  <testcase classname="hust.cs.javacourse.search.index.TermTupleTest" name="testTestEquals" time="0.000"/>
  <testcase classname="hust.cs.javacourse.search.index.TermTupleTest" name="testTestEquals" time="0.000"/>
</testsuite> <!-- hust.cs.javacourse.search.index.TermTupleTest -->
