<?xml version="1.0" encoding="UTF-8"?>
<!-- Generated by org.testng.reporters.JUnitReportReporter -->
<testsuite hostname="lala" failures="0" tests="3" name="hust.cs.javacourse.search.query.IndexSearcherTest" time="0.000" errors="0" timestamp="07 6æœˆ 2024 12:42:18 GMT" skipped="0">
  <testcase classname="hust.cs.javacourse.search.query.IndexSearcherTest" name="testTestSearch" time="0.000"/>
  <testcase classname="hust.cs.javacourse.search.query.IndexSearcherTest" name="testSearch" time="0.000"/>
  <testcase classname="hust.cs.javacourse.search.query.IndexSearcherTest" name="testSearch" time="0.000"/>
</testsuite> <!-- hust.cs.javacourse.search.query.IndexSearcherTest -->
