<?xml version="1.0" encoding="UTF-8"?>
<!-- Generated by org.testng.reporters.JUnitReportReporter -->
<testsuite hostname="lala" failures="0" tests="1" name="hust.cs.javacourse.search.parse.TermTupleScannerTest" time="0.000" errors="0" timestamp="07 6æœˆ 2024 12:42:18 GMT" skipped="1">
  <testcase classname="hust.cs.javacourse.search.parse.TermTupleScannerTest" name="testNext" time="0.000">
    <skipped/>
  </testcase> <!-- testNext -->
</testsuite> <!-- hust.cs.javacourse.search.parse.TermTupleScannerTest -->
