<?xml version="1.0" encoding="UTF-8"?>
<!-- Generated by org.testng.reporters.JUnitReportReporter -->
<testsuite hostname="lala" failures="0" tests="16" name="hust.cs.javacourse.search.index.PostingTest" time="0.012" errors="0" timestamp="07 6æœˆ 2024 12:42:18 GMT" skipped="0">
  <testcase classname="hust.cs.javacourse.search.index.PostingTest" name="testReadObject" time="0.003"/>
  <testcase classname="hust.cs.javacourse.search.index.PostingTest" name="testGetFreq" time="0.000"/>
  <testcase classname="hust.cs.javacourse.search.index.PostingTest" name="testTestEquals" time="0.000"/>
  <testcase classname="hust.cs.javacourse.search.index.PostingTest" name="testSort" time="0.000"/>
  <testcase classname="hust.cs.javacourse.search.index.PostingTest" name="testTestEquals" time="0.000"/>
  <testcase classname="hust.cs.javacourse.search.index.PostingTest" name="testTestToString" time="0.006"/>
  <testcase classname="hust.cs.javacourse.search.index.PostingTest" name="testSetFreq" time="0.000"/>
  <testcase classname="hust.cs.javacourse.search.index.PostingTest" name="testTestEquals" time="0.000"/>
  <testcase classname="hust.cs.javacourse.search.index.PostingTest" name="testSetDocId" time="0.000"/>
  <testcase classname="hust.cs.javacourse.search.index.PostingTest" name="testTestEquals" time="0.000"/>
  <testcase classname="hust.cs.javacourse.search.index.PostingTest" name="testTestEquals" time="0.000"/>
  <testcase classname="hust.cs.javacourse.search.index.PostingTest" name="testSetPositions" time="0.000"/>
  <testcase classname="hust.cs.javacourse.search.index.PostingTest" name="testWriteObject" time="0.002"/>
  <testcase classname="hust.cs.javacourse.search.index.PostingTest" name="testCompareTo" time="0.000"/>
  <testcase classname="hust.cs.javacourse.search.index.PostingTest" name="testGetDocId" time="0.000"/>
  <testcase classname="hust.cs.javacourse.search.index.PostingTest" name="testGetPositions" time="0.001"/>
</testsuite> <!-- hust.cs.javacourse.search.index.PostingTest -->
